<?xml version="1.0" encoding="UTF-8"?>
<testng-results ignored="0" total="3" passed="3" failed="0" skipped="0">
  <reporter-output>
  </reporter-output>
  <suite started-at="2024-10-19T12:17:31 IST" name="Default suite" finished-at="2024-10-19T12:17:35 IST" duration-ms="3198">
    <groups>
    </groups>
    <test started-at="2024-10-19T12:17:31 IST" name="Default test" finished-at="2024-10-19T12:17:35 IST" duration-ms="3198">
      <class name="test.Sample2">
        <test-method signature="dynamicJson(java.lang.String,java.lang.String)[pri:0, instance:test.Sample2@2d52216b]" started-at="2024-10-19T12:17:31 IST" name="dynamicJson" data-provider="BooksData" finished-at="2024-10-19T12:17:34 IST" duration-ms="2788" status="PASS">
          <params>
            <param index="0">
              <value>
                <![CDATA[test213]]>
              </value>
            </param>
            <param index="1">
              <value>
                <![CDATA[88991]]>
              </value>
            </param>
          </params>
          <reporter-output>
          </reporter-output>
        </test-method> <!-- dynamicJson -->
        <test-method signature="dynamicJson(java.lang.String,java.lang.String)[pri:0, instance:test.Sample2@2d52216b]" started-at="2024-10-19T12:17:34 IST" name="dynamicJson" data-provider="BooksData" finished-at="2024-10-19T12:17:34 IST" duration-ms="162" status="PASS">
          <params>
            <param index="0">
              <value>
                <![CDATA[asfhsak]]>
              </value>
            </param>
            <param index="1">
              <value>
                <![CDATA[88992]]>
              </value>
            </param>
          </params>
          <reporter-output>
          </reporter-output>
        </test-method> <!-- dynamicJson -->
        <test-method signature="dynamicJson(java.lang.String,java.lang.String)[pri:0, instance:test.Sample2@2d52216b]" started-at="2024-10-19T12:17:34 IST" name="dynamicJson" data-provider="BooksData" finished-at="2024-10-19T12:17:35 IST" duration-ms="138" status="PASS">
          <params>
            <param index="0">
              <value>
                <![CDATA[asdwqer]]>
              </value>
            </param>
            <param index="1">
              <value>
                <![CDATA[88993]]>
              </value>
            </param>
          </params>
          <reporter-output>
          </reporter-output>
        </test-method> <!-- dynamicJson -->
      </class> <!-- test.Sample2 -->
    </test> <!-- Default test -->
  </suite> <!-- Default suite -->
</testng-results>
